<?xml version="1.0" encoding="UTF-8"?>
<coverage generated="1783384334377" clover="3.2.0">
  <project timestamp="1783384334377" name="All files">
    <metrics statements="63" coveredstatements="60" conditionals="33" coveredconditionals="31" methods="28" coveredmethods="26" elements="124" coveredelements="117" complexity="0" loc="63" ncloc="63" packages="7" files="12" classes="12"/>
    <package name="src">
      <metrics statements="0" coveredstatements="0" conditionals="0" coveredconditionals="0" methods="0" coveredmethods="0"/>
      <file name="types.ts" path="/Users/cristiandavidgutierrez/Development/projects/rn-testing-lab/task-manager/src/types.ts">
        <metrics statements="0" coveredstatements="0" conditionals="0" coveredconditionals="0" methods="0" coveredmethods="0"/>
      </file>
    </package>
    <package name="src.components">
      <metrics statements="14" coveredstatements="14" conditionals="9" coveredconditionals="9" methods="8" coveredmethods="7"/>
      <file name="TaskCard.tsx" path="/Users/cristiandavidgutierrez/Development/projects/rn-testing-lab/task-manager/src/components/TaskCard.tsx">
        <metrics statements="3" coveredstatements="3" conditionals="2" coveredconditionals="2" methods="2" coveredmethods="2"/>
        <line num="11" count="10" type="stmt"/>
        <line num="18" count="1" type="stmt"/>
        <line num="27" count="3" type="stmt"/>
      </file>
      <file name="TaskForm.tsx" path="/Users/cristiandavidgutierrez/Development/projects/rn-testing-lab/task-manager/src/components/TaskForm.tsx">
        <metrics statements="6" coveredstatements="6" conditionals="2" coveredconditionals="2" methods="2" coveredmethods="2"/>
        <line num="9" count="11" type="stmt"/>
        <line num="11" count="11" type="stmt"/>
        <line num="12" count="4" type="cond" truecount="2" falsecount="0"/>
        <line num="13" count="3" type="stmt"/>
        <line num="16" count="11" type="stmt"/>
        <line num="32" count="2" type="stmt"/>
      </file>
      <file name="TaskList.tsx" path="/Users/cristiandavidgutierrez/Development/projects/rn-testing-lab/task-manager/src/components/TaskList.tsx">
        <metrics statements="5" coveredstatements="5" conditionals="5" coveredconditionals="5" methods="4" coveredmethods="3"/>
        <line num="12" count="3" type="cond" truecount="2" falsecount="0"/>
        <line num="13" count="1" type="stmt"/>
        <line num="16" count="2" type="stmt"/>
        <line num="21" count="5" type="stmt"/>
        <line num="22" count="3" type="stmt"/>
      </file>
    </package>
    <package name="src.hooks">
      <metrics statements="26" coveredstatements="26" conditionals="4" coveredconditionals="4" methods="14" coveredmethods="14"/>
      <file name="useCounter.ts" path="/Users/cristiandavidgutierrez/Development/projects/rn-testing-lab/task-manager/src/hooks/useCounter.ts">
        <metrics statements="5" coveredstatements="5" conditionals="1" coveredconditionals="1" methods="6" coveredmethods="6"/>
        <line num="4" count="9" type="stmt"/>
        <line num="6" count="9" type="stmt"/>
        <line num="7" count="9" type="stmt"/>
        <line num="8" count="9" type="stmt"/>
        <line num="10" count="9" type="stmt"/>
      </file>
      <file name="useCreateTask.ts" path="/Users/cristiandavidgutierrez/Development/projects/rn-testing-lab/task-manager/src/hooks/useCreateTask.ts">
        <metrics statements="8" coveredstatements="8" conditionals="0" coveredconditionals="0" methods="2" coveredmethods="2"/>
        <line num="5" count="6" type="stmt"/>
        <line num="7" count="6" type="stmt"/>
        <line num="8" count="2" type="stmt"/>
        <line num="9" count="2" type="stmt"/>
        <line num="10" count="2" type="stmt"/>
        <line num="11" count="1" type="stmt"/>
        <line num="13" count="1" type="stmt"/>
        <line num="17" count="6" type="stmt"/>
      </file>
      <file name="useTaskList.ts" path="/Users/cristiandavidgutierrez/Development/projects/rn-testing-lab/task-manager/src/hooks/useTaskList.ts">
        <metrics statements="13" coveredstatements="13" conditionals="3" coveredconditionals="3" methods="6" coveredmethods="6"/>
        <line num="5" count="10" type="stmt"/>
        <line num="6" count="10" type="stmt"/>
        <line num="8" count="10" type="stmt"/>
        <line num="9" count="4" type="cond" truecount="2" falsecount="0"/>
        <line num="10" count="2" type="stmt"/>
        <line num="11" count="2" type="stmt"/>
        <line num="13" count="2" type="stmt"/>
        <line num="14" count="2" type="stmt"/>
        <line num="19" count="2" type="stmt"/>
        <line num="22" count="10" type="stmt"/>
        <line num="23" count="2" type="stmt"/>
        <line num="26" count="10" type="stmt"/>
        <line num="28" count="10" type="stmt"/>
      </file>
    </package>
    <package name="src.schemas">
      <metrics statements="2" coveredstatements="2" conditionals="0" coveredconditionals="0" methods="0" coveredmethods="0"/>
      <file name="taskSchema.ts" path="/Users/cristiandavidgutierrez/Development/projects/rn-testing-lab/task-manager/src/schemas/taskSchema.ts">
        <metrics statements="2" coveredstatements="2" conditionals="0" coveredconditionals="0" methods="0" coveredmethods="0"/>
        <line num="3" count="1" type="stmt"/>
        <line num="10" count="1" type="stmt"/>
      </file>
    </package>
    <package name="src.screens">
      <metrics statements="2" coveredstatements="2" conditionals="4" coveredconditionals="4" methods="1" coveredmethods="1"/>
      <file name="CreateTaskScreen.tsx" path="/Users/cristiandavidgutierrez/Development/projects/rn-testing-lab/task-manager/src/screens/CreateTaskScreen.tsx">
        <metrics statements="2" coveredstatements="2" conditionals="4" coveredconditionals="4" methods="1" coveredmethods="1"/>
        <line num="7" count="6" type="stmt"/>
        <line num="9" count="6" type="stmt"/>
      </file>
    </package>
    <package name="src.services">
      <metrics statements="7" coveredstatements="4" conditionals="4" coveredconditionals="2" methods="2" coveredmethods="1"/>
      <file name="taskService.ts" path="/Users/cristiandavidgutierrez/Development/projects/rn-testing-lab/task-manager/src/services/taskService.ts">
        <metrics statements="7" coveredstatements="4" conditionals="4" coveredconditionals="2" methods="2" coveredmethods="1"/>
        <line num="3" count="1" type="stmt"/>
        <line num="6" count="0" type="stmt"/>
        <line num="7" count="0" type="cond" truecount="0" falsecount="2"/>
        <line num="8" count="0" type="stmt"/>
        <line num="12" count="2" type="stmt"/>
        <line num="17" count="2" type="cond" truecount="2" falsecount="0"/>
        <line num="18" count="1" type="stmt"/>
      </file>
    </package>
    <package name="src.utils">
      <metrics statements="12" coveredstatements="12" conditionals="12" coveredconditionals="12" methods="3" coveredmethods="3"/>
      <file name="filterTasks.ts" path="/Users/cristiandavidgutierrez/Development/projects/rn-testing-lab/task-manager/src/utils/filterTasks.ts">
        <metrics statements="5" coveredstatements="5" conditionals="4" coveredconditionals="4" methods="2" coveredmethods="2"/>
        <line num="5" count="1" type="stmt"/>
        <line num="8" count="4" type="cond" truecount="2" falsecount="0"/>
        <line num="9" count="1" type="stmt"/>
        <line num="11" count="3" type="cond" truecount="2" falsecount="0"/>
        <line num="12" count="8" type="stmt"/>
      </file>
      <file name="validateTask.ts" path="/Users/cristiandavidgutierrez/Development/projects/rn-testing-lab/task-manager/src/utils/validateTask.ts">
        <metrics statements="7" coveredstatements="7" conditionals="8" coveredconditionals="8" methods="1" coveredmethods="1"/>
        <line num="2" count="7" type="cond" truecount="4" falsecount="0"/>
        <line num="3" count="2" type="stmt"/>
        <line num="5" count="5" type="cond" truecount="2" falsecount="0"/>
        <line num="6" count="1" type="stmt"/>
        <line num="8" count="4" type="cond" truecount="2" falsecount="0"/>
        <line num="9" count="1" type="stmt"/>
        <line num="11" count="3" type="stmt"/>
      </file>
    </package>
  </project>
</coverage>
