TN:
SF:src/types.ts
FNF:0
FNH:0
LF:0
LH:0
BRF:0
BRH:0
end_of_record
TN:
SF:src/components/TaskCard.tsx
FN:10,TaskCard
FN:18,(anonymous_1)
FNF:2
FNH:2
FNDA:10,TaskCard
FNDA:1,(anonymous_1)
DA:11,10
DA:18,1
DA:27,3
LF:3
LH:3
BRDA:15,0,0,2
BRDA:15,0,1,8
BRF:2
BRH:2
end_of_record
TN:
SF:src/components/TaskForm.tsx
FN:8,TaskForm
FN:11,(anonymous_1)
FNF:2
FNH:2
FNDA:11,TaskForm
FNDA:4,(anonymous_1)
DA:9,11
DA:11,11
DA:12,4
DA:13,3
DA:16,11
DA:32,2
LF:6
LH:6
BRDA:12,0,0,1
BRDA:12,0,1,3
BRF:2
BRH:2
end_of_record
TN:
SF:src/components/TaskList.tsx
FN:11,TaskList
FN:11,(anonymous_1)
FN:21,(anonymous_2)
FN:22,(anonymous_3)
FNF:4
FNH:3
FNDA:3,TaskList
FNDA:0,(anonymous_1)
FNDA:5,(anonymous_2)
FNDA:3,(anonymous_3)
DA:12,3
DA:13,1
DA:16,2
DA:21,5
DA:22,3
LF:5
LH:5
BRDA:11,0,0,3
BRDA:12,1,0,1
BRDA:12,1,1,2
BRDA:18,2,0,1
BRDA:18,2,1,1
BRF:5
BRH:5
end_of_record
TN:
SF:src/hooks/useCounter.ts
FN:3,useCounter
FN:6,(anonymous_1)
FN:6,(anonymous_2)
FN:7,(anonymous_3)
FN:7,(anonymous_4)
FN:8,(anonymous_5)
FNF:6
FNH:6
FNDA:9,useCounter
FNDA:3,(anonymous_1)
FNDA:3,(anonymous_2)
FNDA:1,(anonymous_3)
FNDA:1,(anonymous_4)
FNDA:1,(anonymous_5)
DA:4,9
DA:6,9
DA:7,9
DA:8,9
DA:10,9
LF:5
LH:5
BRDA:3,0,0,3
BRF:1
BRH:1
end_of_record
TN:
SF:src/hooks/useCreateTask.ts
FN:4,useCreateTask
FN:7,(anonymous_1)
FNF:2
FNH:2
FNDA:6,useCreateTask
FNDA:2,(anonymous_1)
DA:5,6
DA:7,6
DA:8,2
DA:9,2
DA:10,2
DA:11,1
DA:13,1
DA:17,6
LF:8
LH:8
BRF:0
BRH:0
end_of_record
TN:
SF:src/hooks/useTaskList.ts
FN:4,useTaskList
FN:8,(anonymous_1)
FN:19,(anonymous_2)
FN:22,(anonymous_3)
FN:23,(anonymous_4)
FN:23,(anonymous_5)
FNF:6
FNH:6
FNDA:10,useTaskList
FNDA:4,(anonymous_1)
FNDA:2,(anonymous_2)
FNDA:1,(anonymous_3)
FNDA:1,(anonymous_4)
FNDA:2,(anonymous_5)
DA:5,10
DA:6,10
DA:8,10
DA:9,4
DA:10,2
DA:11,2
DA:13,2
DA:14,2
DA:19,2
DA:22,10
DA:23,2
DA:26,10
DA:28,10
LF:13
LH:13
BRDA:4,0,0,8
BRDA:9,1,0,2
BRDA:9,1,1,2
BRF:3
BRH:3
end_of_record
TN:
SF:src/schemas/taskSchema.ts
FNF:0
FNH:0
DA:3,1
DA:10,1
LF:2
LH:2
BRF:0
BRH:0
end_of_record
TN:
SF:src/screens/CreateTaskScreen.tsx
FN:6,CreateTaskScreen
FNF:1
FNH:1
FNDA:6,CreateTaskScreen
DA:7,6
DA:9,6
LF:2
LH:2
BRDA:12,0,0,6
BRDA:12,0,1,1
BRDA:13,1,0,6
BRDA:13,1,1,1
BRF:4
BRH:4
end_of_record
TN:
SF:src/services/taskService.ts
FN:5,fetchTasks
FN:11,createTask
FNF:2
FNH:1
FNDA:0,fetchTasks
FNDA:2,createTask
DA:3,1
DA:6,0
DA:7,0
DA:8,0
DA:12,2
DA:17,2
DA:18,1
LF:7
LH:4
BRDA:7,0,0,0
BRDA:7,0,1,0
BRDA:17,1,0,1
BRDA:17,1,1,1
BRF:4
BRH:2
end_of_record
TN:
SF:src/utils/filterTasks.ts
FN:7,filterTasksByStatus
FN:12,(anonymous_1)
FNF:2
FNH:2
FNDA:4,filterTasksByStatus
FNDA:8,(anonymous_1)
DA:5,1
DA:8,4
DA:9,1
DA:11,3
DA:12,8
LF:5
LH:5
BRDA:8,0,0,1
BRDA:8,0,1,3
BRDA:11,1,0,1
BRDA:11,1,1,2
BRF:4
BRH:4
end_of_record
TN:
SF:src/utils/validateTask.ts
FN:1,validateTaskTitle
FNF:1
FNH:1
FNDA:7,validateTaskTitle
DA:2,7
DA:3,2
DA:5,5
DA:6,1
DA:8,4
DA:9,1
DA:11,3
LF:7
LH:7
BRDA:2,0,0,2
BRDA:2,0,1,5
BRDA:2,1,0,7
BRDA:2,1,1,6
BRDA:5,2,0,1
BRDA:5,2,1,4
BRDA:8,3,0,1
BRDA:8,3,1,3
BRF:8
BRH:8
end_of_record
