TN:
SF:src/types.ts
FNF:0
FNH:0
LF:0
LH:0
BRF:0
BRH:0
end_of_record
TN:
SF:src/components/TaskCard.tsx
FN:10,TaskCard
FN:23,(anonymous_1)
FNF:2
FNH:2
FNDA:7,TaskCard
FNDA:1,(anonymous_1)
DA:11,7
DA:12,7
DA:23,1
LF:3
LH:3
BRDA:19,0,0,1
BRDA:19,0,1,6
BRDA:20,1,0,1
BRDA:20,1,1,6
BRF:4
BRH:4
end_of_record
TN:
SF:src/components/TaskForm.tsx
FN:8,TaskForm
FN:11,(anonymous_1)
FNF:2
FNH:0
FNDA:0,TaskForm
FNDA:0,(anonymous_1)
DA:9,0
DA:11,0
DA:12,0
DA:13,0
DA:16,0
LF:5
LH:0
BRDA:12,0,0,0
BRDA:12,0,1,0
BRF:2
BRH:0
end_of_record
TN:
SF:src/components/TaskList.tsx
FN:11,TaskList
FN:11,(anonymous_1)
FN:23,(anonymous_2)
FN:24,(anonymous_3)
FNF:4
FNH:0
FNDA:0,TaskList
FNDA:0,(anonymous_1)
FNDA:0,(anonymous_2)
FNDA:0,(anonymous_3)
DA:12,0
DA:13,0
DA:16,0
DA:23,0
DA:24,0
LF:5
LH:0
BRDA:11,0,0,0
BRDA:12,1,0,0
BRDA:12,1,1,0
BRDA:19,2,0,0
BRDA:19,2,1,0
BRF:5
BRH:0
end_of_record
TN:
SF:src/hooks/useCounter.ts
FN:3,useCounter
FN:6,(anonymous_1)
FN:6,(anonymous_2)
FN:7,(anonymous_3)
FN:7,(anonymous_4)
FN:8,(anonymous_5)
FNF:6
FNH:0
FNDA:0,useCounter
FNDA:0,(anonymous_1)
FNDA:0,(anonymous_2)
FNDA:0,(anonymous_3)
FNDA:0,(anonymous_4)
FNDA:0,(anonymous_5)
DA:4,0
DA:6,0
DA:7,0
DA:8,0
DA:10,0
LF:5
LH:0
BRDA:3,0,0,0
BRF:1
BRH:0
end_of_record
TN:
SF:src/hooks/useCreateTask.ts
FN:4,useCreateTask
FN:7,(anonymous_1)
FNF:2
FNH:0
FNDA:0,useCreateTask
FNDA:0,(anonymous_1)
DA:5,0
DA:7,0
DA:8,0
DA:9,0
DA:10,0
DA:11,0
DA:13,0
DA:17,0
LF:8
LH:0
BRF:0
BRH:0
end_of_record
TN:
SF:src/hooks/useTaskList.ts
FN:4,useTaskList
FN:8,(anonymous_1)
FN:19,(anonymous_2)
FN:22,(anonymous_3)
FN:23,(anonymous_4)
FN:23,(anonymous_5)
FNF:6
FNH:0
FNDA:0,useTaskList
FNDA:0,(anonymous_1)
FNDA:0,(anonymous_2)
FNDA:0,(anonymous_3)
FNDA:0,(anonymous_4)
FNDA:0,(anonymous_5)
DA:5,0
DA:6,0
DA:8,0
DA:9,0
DA:10,0
DA:11,0
DA:13,0
DA:14,0
DA:19,0
DA:22,0
DA:23,0
DA:26,0
DA:28,0
LF:13
LH:0
BRDA:4,0,0,0
BRDA:9,1,0,0
BRDA:9,1,1,0
BRF:3
BRH:0
end_of_record
TN:
SF:src/schemas/taskSchema.ts
FNF:0
FNH:0
DA:3,1
DA:10,1
LF:2
LH:2
BRF:0
BRH:0
end_of_record
TN:
SF:src/screens/CreateTaskScreen.tsx
FN:7,CreateTaskScreen
FNF:1
FNH:0
FNDA:0,CreateTaskScreen
DA:8,0
DA:9,0
DA:11,0
LF:3
LH:0
BRDA:18,0,0,0
BRDA:18,0,1,0
BRDA:23,1,0,0
BRDA:23,1,1,0
BRF:4
BRH:0
end_of_record
TN:
SF:src/services/taskService.ts
FN:5,fetchTasks
FN:11,createTask
FNF:2
FNH:0
FNDA:0,fetchTasks
FNDA:0,createTask
DA:3,1
DA:6,0
DA:7,0
DA:8,0
DA:14,0
LF:5
LH:1
BRDA:7,0,0,0
BRDA:7,0,1,0
BRF:2
BRH:0
end_of_record
TN:
SF:src/utils/filterTasks.ts
FN:7,filterTasksByStatus
FN:12,(anonymous_1)
FNF:2
FNH:0
FNDA:0,filterTasksByStatus
FNDA:0,(anonymous_1)
DA:5,1
DA:8,0
DA:9,0
DA:11,0
DA:12,0
LF:5
LH:1
BRDA:8,0,0,0
BRDA:8,0,1,0
BRDA:11,1,0,0
BRDA:11,1,1,0
BRF:4
BRH:0
end_of_record
TN:
SF:src/utils/validateTask.ts
FN:1,validateTaskTitle
FNF:1
FNH:0
FNDA:0,validateTaskTitle
DA:2,0
DA:3,0
DA:5,0
DA:6,0
DA:8,0
DA:9,0
DA:11,0
LF:7
LH:0
BRDA:2,0,0,0
BRDA:2,0,1,0
BRDA:2,1,0,0
BRDA:2,1,1,0
BRDA:5,2,0,0
BRDA:5,2,1,0
BRDA:8,3,0,0
BRDA:8,3,1,0
BRF:8
BRH:0
end_of_record
